{"message":"[2018-10-4 18:49:04]: ReferenceError: name is not defined","level":"error"}
{"message":"[2018-10-4 19:06:40]: TypeError: Cannot read property 'catch' of undefined","level":"error"}
{"message":"[2018-10-4 19:07:02]: TypeError: Cannot read property 'catch' of undefined","level":"error"}
{"message":"[2018-10-4 19:08:35]: TypeError: Cannot read property 'catch' of undefined","level":"error"}
{"message":"[2018-10-4 19:08:46]: TypeError: Cannot read property 'catch' of undefined","level":"error"}
{"message":"[2018-10-4 19:12:28]: TypeError: Cannot read property 'catch' of undefined","level":"error"}
{"message":"[2018-10-4 19:12:35]: TypeError: Cannot read property 'catch' of undefined","level":"error"}
{"message":"[2018-10-4 19:13:27]: TypeError: Cannot read property 'catch' of undefined","level":"error"}
{"message":"[2018-10-5 00:04:06]: ReferenceError: description is not defined","level":"error"}
{"message":"[2018-10-5 23:51:59]: ReferenceError: _id is not defined","level":"error"}
{"message":"[2018-10-6 04:41:00]: CastError: Cast to ObjectId failed for value \"485f54b6-9ad9-4766-85b2-b48ef7ccc9f3\" at path \"_id\" for model \"Product\"","level":"error"}
{"message":"[2018-10-6 04:42:44]: CastError: Cast to ObjectId failed for value \"485f54b6-9ad9-4766-85b2-b48ef7ccc9f3\" at path \"_id\" for model \"Product\"","level":"error"}
{"message":"[2018-10-6 04:43:16]: CastError: Cast to ObjectId failed for value \"NaN\" at path \"_id\" for model \"Product\"","level":"error"}
{"message":"[2018-10-6 04:44:30]: CastError: Cast to ObjectId failed for value \"485f54b6-9ad9-4766-85b2-b48ef7ccc9f3\" at path \"_id\" for model \"Product\"","level":"error"}
{"message":"[2018-10-6 04:46:20]: CastError: Cast to ObjectId failed for value \"485f54b6-9ad9-4766-85b2-b48ef7ccc9f3\" at path \"_id\" for model \"Product\"","level":"error"}
{"message":"[2018-10-6 04:46:41]: CastError: Cast to ObjectId failed for value \"undefined\" at path \"_id\" for model \"Product\"","level":"error"}
{"message":"[2018-10-7 18:52:07]: MongoError: server instance pool was destroyed","level":"error"}
{"message":"[2018-10-7 18:52:17]: MongoError: server instance pool was destroyed","level":"error"}
{"message":"[2018-10-8 20:05:01]: CastError: Cast to [string] failed for value \"[{\"count\":\"Superman\"}]\" at path \"count\"","level":"error"}
{"message":"[2018-10-8 20:05:03]: CastError: Cast to [string] failed for value \"[{\"count\":\"Superman\"}]\" at path \"count\"","level":"error"}
{"message":"[2018-10-8 20:05:50]: CastError: Cast to [string] failed for value \"[{\"count\":\"Superman\"}]\" at path \"count\"","level":"error"}
{"message":"[2018-10-8 20:06:08]: CastError: Cast to [string] failed for value \"[{\"count\":\"Superman\"}]\" at path \"count\"","level":"error"}
{"message":"[2018-10-8 20:06:30]: CastError: Cast to [string] failed for value \"[{\"count\":\"Superman\"}]\" at path \"count\"","level":"error"}
{"message":"[2018-10-8 20:07:33]: CastError: Cast to [string] failed for value \"[{\"count\":\"Superman\"}]\" at path \"count\"","level":"error"}
{"message":"[10/14/2018, 11:00:05 AM]: MongoError: Topology was destroyed","level":"error"}
{"message":"[10/14/2018, 11:01:31 AM]: MongoError: Topology was destroyed","level":"error"}
{"message":"[10/14/2018, 11:02:44 AM]: MongoError: Topology was destroyed","level":"error"}
{"message":"[10/21/2018, 11:47:42 AM]: MongoError: Topology was destroyed","level":"error"}
{"message":"[10/21/2018, 11:47:52 AM]: MongoError: Topology was destroyed","level":"error"}
{"message":"[10/21/2018, 11:47:55 AM]: MongoError: Topology was destroyed","level":"error"}
{"message":"[10/21/2018, 11:51:24 AM]: MongoError: Topology was destroyed","level":"error"}
{"message":"[10/21/2018, 11:51:26 AM]: MongoError: Topology was destroyed","level":"error"}
{"message":"[10/21/2018, 12:05:25 PM]: MongoError: Topology was destroyed","level":"error"}
{"message":"[10/21/2018, 12:06:48 PM]: MongoError: Topology was destroyed","level":"error"}
{"message":"[10/21/2018, 12:06:51 PM]: MongoError: Topology was destroyed","level":"error"}
{"message":"[10/21/2018, 12:07:11 PM]: MongoError: Topology was destroyed","level":"error"}
{"message":"[10/21/2018, 12:07:12 PM]: MongoError: Topology was destroyed","level":"error"}
{"message":"[10/21/2018, 12:10:26 PM]: MongoError: Topology was destroyed","level":"error"}
{"message":"[10/21/2018, 12:10:55 PM]: MongoError: Topology was destroyed","level":"error"}
{"message":"[10/21/2018, 12:10:57 PM]: MongoError: Topology was destroyed","level":"error"}
{"message":"[10/21/2018, 12:12:11 PM]: MongoError: Topology was destroyed","level":"error"}
{"message":"[10/21/2018, 12:12:27 PM]: MongoError: Topology was destroyed","level":"error"}
{"message":"[10/21/2018, 12:13:55 PM]: MongoError: Topology was destroyed","level":"error"}
{"message":"[10/21/2018, 12:13:56 PM]: MongoError: Topology was destroyed","level":"error"}
{"message":"[10/21/2018, 12:16:06 PM]: MongoError: Topology was destroyed","level":"error"}
{"message":"[10/21/2018, 12:16:19 PM]: MongoError: Topology was destroyed","level":"error"}
{"message":"[10/21/2018, 12:19:33 PM]: MongoError: Topology was destroyed","level":"error"}
{"message":"[10/21/2018, 12:19:33 PM]: MongoError: Topology was destroyed","level":"error"}
{"message":"[10/21/2018, 12:23:14 PM]: MongoError: Topology was destroyed","level":"error"}
